<?xml version="1.0" encoding="UTF-8"?>
<!-- Generated by org.testng.reporters.JUnitReportReporter -->
<testsuite hostname="Marias-iMac.local" name="test.ui.HomePageTest" tests="6" failures="0" timestamp="25 Feb 2016 21:26:16 GMT" time="3.490" errors="0">
  <testcase name="isSocialIconPresent" time="0.073" classname="test.ui.HomePageTest"/>
  <testcase name="testSlidesCount" time="0.566" classname="test.ui.HomePageTest"/>
  <testcase name="socialCount" time="0.182" classname="test.ui.HomePageTest"/>
  <testcase name="getDriver" time="0.008" classname="test.ui.HomePageTest"/>
  <testcase name="logoPresent" time="0.010" classname="test.ui.HomePageTest"/>
  <testcase name="testFBLink" time="2.651" classname="test.ui.HomePageTest"/>
</testsuite> <!-- test.ui.HomePageTest -->
