<?xml version="1.0" encoding="UTF-8"?>
<!-- Generated by org.testng.reporters.JUnitReportReporter -->
<testsuite hostname="Marias-iMac.local" name="test.ui.RecordingsPageTest" tests="1" failures="0" timestamp="19 Jan 2016 22:33:58 GMT" time="67.960" errors="0">
  <testcase name="testRecordings" time="67.960" classname="test.ui.RecordingsPageTest"/>
</testsuite> <!-- test.ui.RecordingsPageTest -->
