<?xml version="1.0" encoding="UTF-8"?>
<!-- Generated by org.testng.reporters.JUnitReportReporter -->
<testsuite hostname="Marias-iMac.local" name="test.HomePageTest" tests="3" failures="0" timestamp="15 Jan 2016 20:22:11 GMT" time="0.997" errors="0">
  <testcase name="socialCount" time="0.038" classname="test.HomePageTest"/>
  <testcase name="socialLinks" time="0.168" classname="test.HomePageTest"/>
  <testcase name="testSlidesCount" time="0.791" classname="test.HomePageTest"/>
</testsuite> <!-- test.HomePageTest -->
